<?xml version="1.0" encoding="UTF-8"?>
<!-- Generated by org.testng.reporters.JUnitXMLReporter -->
<testsuite ignored="0" hostname="Jyoti" failures="0" tests="3" name="Default test" time="6.587" errors="0" timestamp="2024-09-24T14:54:55 IST">
  <testcase classname="practise.testng.SampleReport" name="createContactTest" time="6.483"/>
  <testcase classname="practise.testng.SampleReport" name="createContactWithOrgTest" time="0.002"/>
  <testcase classname="practise.testng.SampleReport" name="createContactWithPhoneTest" time="0.005"/>
</testsuite> <!-- Default test -->
