<?xml version="1.0" encoding="UTF-8"?>
<!-- Generated by org.testng.reporters.JUnitXMLReporter -->
<testsuite ignored="2" hostname="Jyoti" failures="0" tests="3" name="Test" time="0.158" errors="0" timestamp="2024-09-14T12:10:48 IST">
  <testcase classname="pacticeAnnotation.createContactTest" name="createContectTest" time="0.02"/>
  <testcase classname="pacticeAnnotation.createContactTest" name="createContectWithPhoneTest" time="0.003"/>
  <testcase classname="com.Crm.comcast.OrgTest.CreateOrgTest" name="createORGWithIndustry" time="0.005"/>
  <testcase classname="com.Crm.generic.baseUtility.BaseClassTest" name="@AfterSuite createAfterSutiTest" time="0.0">
    <ignored/>
  </testcase> <!-- @AfterSuite createAfterSutiTest -->
  <testcase classname="com.Crm.generic.baseUtility.BaseClassTest" name="@BeforeSuite createBeforeSutiTest" time="0.0">
    <ignored/>
  </testcase> <!-- @BeforeSuite createBeforeSutiTest -->
</testsuite> <!-- Test -->
