<?xml version="1.0" encoding="UTF-8"?>
<testng-results ignored="0" total="3" passed="3" failed="0" skipped="0">
  <reporter-output>
  </reporter-output>
  <suite started-at="2024-09-24T14:54:49 IST" name="Default suite" finished-at="2024-09-24T14:54:55 IST" duration-ms="6587">
    <groups>
    </groups>
    <test started-at="2024-09-24T14:54:49 IST" name="Default test" finished-at="2024-09-24T14:54:55 IST" duration-ms="6587">
      <class name="practise.testng.SampleReport">
        <test-method is-config="true" signature="beforeSuiteConfi()[pri:0, instance:practise.testng.SampleReport@765d7657]" started-at="2024-09-24T14:54:48 IST" name="beforeSuiteConfi" finished-at="2024-09-24T14:54:49 IST" duration-ms="489" status="PASS">
          <reporter-output>
          </reporter-output>
        </test-method> <!-- beforeSuiteConfi -->
        <test-method signature="createContactTest()[pri:0, instance:practise.testng.SampleReport@765d7657]" started-at="2024-09-24T14:54:49 IST" name="createContactTest" finished-at="2024-09-24T14:54:55 IST" duration-ms="6483" status="PASS">
          <reporter-output>
          </reporter-output>
        </test-method> <!-- createContactTest -->
        <test-method signature="createContactWithOrgTest()[pri:0, instance:practise.testng.SampleReport@765d7657]" started-at="2024-09-24T14:54:55 IST" name="createContactWithOrgTest" finished-at="2024-09-24T14:54:55 IST" duration-ms="2" status="PASS">
          <reporter-output>
          </reporter-output>
        </test-method> <!-- createContactWithOrgTest -->
        <test-method signature="createContactWithPhoneTest()[pri:0, instance:practise.testng.SampleReport@765d7657]" started-at="2024-09-24T14:54:55 IST" name="createContactWithPhoneTest" finished-at="2024-09-24T14:54:55 IST" duration-ms="5" status="PASS">
          <reporter-output>
          </reporter-output>
        </test-method> <!-- createContactWithPhoneTest -->
        <test-method is-config="true" signature="afterCongif()[pri:0, instance:practise.testng.SampleReport@765d7657]" started-at="2024-09-24T14:54:55 IST" name="afterCongif" finished-at="2024-09-24T14:54:56 IST" duration-ms="545" status="PASS">
          <reporter-output>
          </reporter-output>
        </test-method> <!-- afterCongif -->
      </class> <!-- practise.testng.SampleReport -->
    </test> <!-- Default test -->
  </suite> <!-- Default suite -->
</testng-results>
